..\BinRelease\VirtualWorld.pdb
E:\PROJECT\V-WORLD\BINRELEASE\VIRTUALWORLD.DLL
E:\project\v-world\BinRelease\VirtualWorld.exp
E:\project\v-world\BinRelease\VirtualWorld.lib
E:\PROJECT\V-WORLD\BINRELEASE\VIRTUALWORLD.PDB
E:\project\v-world\VirtualWorld\..\BinRelease\VirtualWorld.dll
E:\project\v-world\VirtualWorld\Release\cl.command.1.tlog
E:\project\v-world\VirtualWorld\Release\CL.read.1.tlog
E:\project\v-world\VirtualWorld\Release\CL.write.1.tlog
E:\PROJECT\V-WORLD\VIRTUALWORLD\RELEASE\DLLMAIN.OBJ
E:\PROJECT\V-WORLD\VIRTUALWORLD\RELEASE\GEOMETRYCOMMONOBJECT.OBJ
E:\PROJECT\V-WORLD\VIRTUALWORLD\RELEASE\GEOMETRYMODELOBJECT.OBJ
E:\project\v-world\VirtualWorld\Release\link.command.1.tlog
E:\project\v-world\VirtualWorld\Release\link.read.1.tlog
E:\project\v-world\VirtualWorld\Release\link.write.1.tlog
E:\PROJECT\V-WORLD\VIRTUALWORLD\RELEASE\MATERIAL.OBJ
E:\project\v-world\VirtualWorld\Release\mt.command.1.tlog
E:\project\v-world\VirtualWorld\Release\mt.read.1.tlog
E:\project\v-world\VirtualWorld\Release\mt.write.1.tlog
E:\PROJECT\V-WORLD\VIRTUALWORLD\RELEASE\SCENECAMERANODE.OBJ
E:\PROJECT\V-WORLD\VIRTUALWORLD\RELEASE\SCENEGEOMETRYNODE.OBJ
E:\PROJECT\V-WORLD\VIRTUALWORLD\RELEASE\SCENEGROUPNODE.OBJ
E:\PROJECT\V-WORLD\VIRTUALWORLD\RELEASE\SCENELIGHTNODE.OBJ
E:\PROJECT\V-WORLD\VIRTUALWORLD\RELEASE\STDAFX.OBJ
E:\PROJECT\V-WORLD\VIRTUALWORLD\RELEASE\VC100.PDB
E:\PROJECT\V-WORLD\VIRTUALWORLD\RELEASE\VIRTUALWORLD.DLL.INTERMEDIATE.MANIFEST
E:\PROJECT\V-WORLD\VIRTUALWORLD\RELEASE\VIRTUALWORLD.OBJ
E:\PROJECT\V-WORLD\VIRTUALWORLD\RELEASE\VIRTUALWORLD.PCH
E:\project\v-world\VirtualWorld\Release\VirtualWorld.write.1.tlog
E:\PROJECT\V-WORLD\VIRTUALWORLD\RELEASE\WINDOW32.OBJ
